TN:
SF:src\app.ts
FNF:0
FNH:0
DA:1,1
DA:2,1
DA:3,1
DA:4,1
DA:5,1
DA:6,1
DA:7,1
DA:8,1
DA:9,1
DA:10,1
DA:11,1
DA:12,1
DA:13,1
DA:14,1
DA:15,1
LF:15
LH:15
BRF:0
BRH:0
end_of_record
TN:
SF:src\env.ts
FNF:0
FNH:0
DA:1,1
DA:2,1
DA:3,1
DA:4,1
DA:5,1
DA:6,1
DA:7,1
DA:8,1
DA:9,1
DA:10,1
DA:11,1
DA:12,0
DA:13,0
DA:14,0
DA:15,1
DA:16,1
LF:16
LH:13
BRDA:11,0,0,0
BRF:1
BRH:0
end_of_record
TN:
SF:src\http\controllers\authenticate.ts
FN:6,authenticate
FNF:1
FNH:0
FNDA:0,authenticate
DA:1,1
DA:2,1
DA:3,1
DA:4,1
DA:5,1
DA:6,1
DA:7,0
DA:8,0
DA:9,0
DA:10,0
DA:11,0
DA:12,0
DA:13,0
DA:14,0
DA:15,0
DA:16,0
DA:17,0
DA:18,0
DA:19,0
DA:20,0
DA:21,0
DA:22,0
DA:23,0
DA:24,0
DA:25,0
DA:26,0
DA:27,0
DA:28,0
DA:29,0
DA:30,0
DA:31,0
DA:32,1
DA:33,1
DA:34,1
LF:34
LH:9
BRF:0
BRH:0
end_of_record
TN:
SF:src\http\controllers\register.ts
FN:6,register
FNF:1
FNH:1
FNDA:3,register
DA:1,1
DA:2,1
DA:3,1
DA:4,1
DA:5,1
DA:6,1
DA:7,3
DA:8,3
DA:9,3
DA:10,3
DA:11,3
DA:12,3
DA:13,3
DA:14,3
DA:15,3
DA:16,3
DA:17,3
DA:18,3
DA:19,3
DA:20,3
DA:21,3
DA:22,1
DA:23,1
DA:24,1
DA:25,1
DA:26,1
DA:27,1
DA:28,3
DA:29,3
DA:30,1
DA:31,1
DA:32,1
LF:32
LH:32
BRDA:6,0,0,3
BRDA:22,1,0,1
BRF:2
BRH:2
end_of_record
TN:
SF:src\http\middlewares\error-handling.ts
FN:4,errorHandlingMiddleware
FNF:1
FNH:1
FNDA:2,errorHandlingMiddleware
DA:1,1
DA:2,1
DA:3,1
DA:4,2
DA:5,2
DA:6,2
DA:7,2
DA:8,2
DA:9,2
DA:10,2
DA:11,1
DA:12,1
DA:13,1
DA:14,1
DA:15,1
DA:16,1
DA:17,1
DA:18,1
DA:19,1
DA:20,1
DA:21,1
DA:22,0
DA:23,0
DA:24,0
DA:25,0
DA:26,0
LF:26
LH:21
BRDA:4,0,0,2
BRDA:10,1,0,1
BRDA:22,2,0,0
BRF:3
BRH:2
end_of_record
TN:
SF:src\http\routes\authenticate.ts
FNF:0
FNH:0
DA:1,1
DA:2,1
DA:3,1
DA:4,1
DA:5,1
LF:5
LH:5
BRF:0
BRH:0
end_of_record
TN:
SF:src\http\routes\index.ts
FNF:0
FNH:0
DA:1,1
DA:2,1
DA:3,1
DA:4,1
DA:5,1
DA:6,1
DA:7,1
LF:7
LH:7
BRF:0
BRH:0
end_of_record
TN:
SF:src\http\routes\register.ts
FNF:0
FNH:0
DA:1,1
DA:2,1
DA:3,1
DA:4,1
DA:5,1
LF:5
LH:5
BRF:0
BRH:0
end_of_record
TN:
SF:src\lib\database\prisma.ts
FNF:0
FNH:0
DA:1,1
DA:2,1
DA:3,1
DA:4,1
DA:5,1
DA:6,1
DA:7,1
LF:7
LH:7
BRDA:5,0,0,0
BRDA:6,1,0,0
BRF:2
BRH:0
end_of_record
TN:
SF:src\repositories\prisma\prisma-users-repository.ts
FN:6,create
FN:13,findByEmail
FNF:2
FNH:2
FNDA:1,create
FNDA:2,findByEmail
DA:1,1
DA:2,1
DA:3,1
DA:4,1
DA:5,1
DA:6,1
DA:7,1
DA:8,1
DA:9,1
DA:10,1
DA:11,1
DA:12,1
DA:13,1
DA:14,2
DA:15,2
DA:16,2
DA:17,2
DA:18,2
DA:19,2
DA:20,2
DA:21,1
LF:21
LH:21
BRDA:6,0,0,1
BRDA:13,1,0,2
BRF:2
BRH:2
end_of_record
TN:
SF:src\use-cases\authenticate.ts
FN:19,<instance_members_initializer>
FN:19,AuthenticateUseCase
FN:21,execute
FNF:3
FNH:3
FNDA:3,<instance_members_initializer>
FNDA:3,AuthenticateUseCase
FNDA:3,execute
DA:1,1
DA:2,1
DA:3,1
DA:4,1
DA:5,1
DA:6,1
DA:7,1
DA:8,1
DA:9,1
DA:10,1
DA:11,1
DA:12,1
DA:13,1
DA:14,1
DA:15,1
DA:16,1
DA:17,1
DA:18,1
DA:19,1
DA:20,1
DA:21,1
DA:22,3
DA:23,3
DA:24,3
DA:25,3
DA:26,3
DA:27,3
DA:28,1
DA:29,1
DA:30,2
DA:31,3
DA:32,1
DA:33,1
DA:34,1
DA:35,1
DA:36,1
DA:37,1
DA:38,1
DA:39,1
DA:40,1
DA:41,1
DA:42,1
DA:43,1
LF:43
LH:43
BRDA:19,0,0,3
BRDA:19,1,0,3
BRDA:21,2,0,3
BRDA:27,3,0,1
BRDA:30,4,0,2
BRDA:31,5,0,1
BRF:6
BRH:6
end_of_record
TN:
SF:src\use-cases\register.ts
FN:19,<instance_members_initializer>
FN:18,RegisterUseCase
FN:23,execute
FNF:3
FNH:3
FNDA:2,<instance_members_initializer>
FNDA:2,RegisterUseCase
FNDA:2,execute
DA:1,1
DA:2,1
DA:3,1
DA:4,1
DA:5,1
DA:6,1
DA:7,1
DA:8,1
DA:9,1
DA:10,1
DA:11,1
DA:12,1
DA:13,1
DA:14,1
DA:15,1
DA:16,1
DA:17,1
DA:18,1
DA:19,2
DA:20,2
DA:21,1
DA:22,1
DA:23,2
DA:24,2
DA:25,2
DA:26,2
DA:27,2
DA:28,2
DA:29,2
DA:30,2
DA:31,2
DA:32,1
DA:33,1
DA:34,1
DA:35,1
DA:36,1
DA:37,1
DA:38,1
DA:39,1
DA:40,1
DA:41,1
DA:42,1
DA:43,1
DA:44,1
DA:45,1
LF:45
LH:45
BRDA:19,0,0,2
BRDA:18,1,0,2
BRDA:23,2,0,2
BRDA:31,3,0,1
BRF:4
BRH:4
end_of_record
TN:
SF:src\use-cases\errors\user-already-exists-error.ts
FN:2,UserAlreadyExistsError
FNF:1
FNH:1
FNDA:1,UserAlreadyExistsError
DA:1,1
DA:2,1
DA:3,1
DA:4,1
DA:5,1
LF:5
LH:5
BRDA:2,0,0,1
BRF:1
BRH:1
end_of_record
TN:
SF:src\use-cases\factories\make-authenticate-use-case.ts
FN:4,makeAuthenticateUseCase
FNF:1
FNH:0
FNDA:0,makeAuthenticateUseCase
DA:1,1
DA:2,1
DA:3,1
DA:4,0
DA:5,0
DA:6,0
DA:7,0
DA:8,0
LF:8
LH:3
BRF:0
BRH:0
end_of_record
TN:
SF:src\use-cases\factories\make-register-use-case.ts
FN:4,makeRegisterUseCase
FNF:1
FNH:1
FNDA:2,makeRegisterUseCase
DA:1,1
DA:2,1
DA:3,1
DA:4,2
DA:5,2
DA:6,2
DA:7,2
DA:8,2
LF:8
LH:8
BRDA:4,0,0,2
BRF:1
BRH:1
end_of_record
